<?xml version="1.0" encoding="UTF-8"?>
<testsuite xmlns:xsi="http://www.w3.org/2001/XMLSchema-instance" xsi:noNamespaceSchemaLocation="https://maven.apache.org/surefire/maven-surefire-plugin/xsd/surefire-test-report.xsd" name="TestSuite" time="52.797" tests="6" errors="0" skipped="0" failures="2">
  <properties>
[...]
</properties>
  <testcase name="loginTest" classname="com.qa.hubspot.test.LoginPageTest" time="7.048"/>
  <testcase name="verifyLoginPageTitleTest" classname="com.qa.hubspot.test.LoginPageTest" time="2.646">
    <failure message="Title not matched... expected [HubSpot Login] but found [Reports dashboard]" type="java.lang.AssertionError">java.lang.AssertionError: Title not matched... expected [HubSpot Login] but found [Reports dashboard]
	at com.qa.hubspot.test.LoginPageTest.verifyLoginPageTitleTest(LoginPageTest.java:53)
</failure>
    <system-out><![CDATA[I am in onTestStart method verifyLoginPageTitleTest start
I am in onTestStart method verifyLoginPageTitleTest start
login page title isReports dashboard
I am in onTestFailure method verifyLoginPageTitleTest failed
Screenshot captured for test case:verifyLoginPageTitleTest
I am in onTestFailure method verifyLoginPageTitleTest failed
Screenshot captured for test case:verifyLoginPageTitleTest
]]></system-out>
  </testcase>
  <testcase name="VerifyHomePageTitleTest" classname="com.qa.hubspot.test.HomePageTest" time="0.067"/>
  <testcase name="verifySignUpLinkTest" classname="com.qa.hubspot.test.LoginPageTest" time="1.139">
    <failure message="no such element: Unable to locate element: {&quot;method&quot;:&quot;link text&quot;,&quot;selector&quot;:&quot;Sign up&quot;}&#10;  (Session info: chrome=83.0.4103.106)&#10;For documentation on this error, please visit: https://www.seleniumhq.org/exceptions/no_such_element.html&#10;Build info: version: &apos;3.141.59&apos;, revision: &apos;e82be7d358&apos;, time: &apos;2018-11-14T08:17:03&apos;&#10;System info: host: &apos;RUPALI-DELL&apos;, ip: &apos;192.168.1.68&apos;, os.name: &apos;Windows 10&apos;, os.arch: &apos;amd64&apos;, os.version: &apos;10.0&apos;, java.version: &apos;14.0.1&apos;&#10;Driver info: org.openqa.selenium.chrome.ChromeDriver&#10;Capabilities {acceptInsecureCerts: false, browserName: chrome, browserVersion: 83.0.4103.106, chrome: {chromedriverVersion: 83.0.4103.39 (ccbf011cb2d2b..., userDataDir: C:\Users\dheer\AppData\Loca...}, goog:chromeOptions: {debuggerAddress: localhost:57143}, javascriptEnabled: true, networkConnectionEnabled: false, pageLoadStrategy: normal, platform: WINDOWS, platformName: WINDOWS, proxy: Proxy(), setWindowRect: true, strictFileInteractability: false, timeouts: {implicit: 0, pageLoad: 300000, script: 30000}, unhandledPromptBehavior: dismiss and notify, webauthn:virtualAuthenticators: true}&#10;Session ID: c25b683772fe88794e11cd83ca433958&#10;*** Element info: {Using=link text, value=Sign up}" type="org.openqa.selenium.NoSuchElementException">org.openqa.selenium.NoSuchElementException: 
no such element: Unable to locate element: {"method":"link text","selector":"Sign up"}
  (Session info: chrome=83.0.4103.106)
For documentation on this error, please visit: https://www.seleniumhq.org/exceptions/no_such_element.html
Build info: version: '3.141.59', revision: 'e82be7d358', time: '2018-11-14T08:17:03'
System info: host: 'RUPALI-DELL', ip: '192.168.1.68', os.name: 'Windows 10', os.arch: 'amd64', os.version: '10.0', java.version: '14.0.1'
Driver info: org.openqa.selenium.chrome.ChromeDriver
Capabilities {acceptInsecureCerts: false, browserName: chrome, browserVersion: 83.0.4103.106, chrome: {chromedriverVersion: 83.0.4103.39 (ccbf011cb2d2b..., userDataDir: C:\Users\dheer\AppData\Loca...}, goog:chromeOptions: {debuggerAddress: localhost:57143}, javascriptEnabled: true, networkConnectionEnabled: false, pageLoadStrategy: normal, platform: WINDOWS, platformName: WINDOWS, proxy: Proxy(), setWindowRect: true, strictFileInteractability: false, timeouts: {implicit: 0, pageLoad: 300000, script: 30000}, unhandledPromptBehavior: dismiss and notify, webauthn:virtualAuthenticators: true}
Session ID: c25b683772fe88794e11cd83ca433958
*** Element info: {Using=link text, value=Sign up}
	at com.qa.hubspot.test.LoginPageTest.verifySignUpLinkTest(LoginPageTest.java:66)
</failure>
    <system-out><![CDATA[I am in onTestStart method verifySignUpLinkTest start
I am in onTestStart method verifySignUpLinkTest start
I am in onTestFailure method verifySignUpLinkTest failed
Screenshot captured for test case:verifySignUpLinkTest
I am in onTestFailure method verifySignUpLinkTest failed
Screenshot captured for test case:verifySignUpLinkTest
]]></system-out>
  </testcase>
  <testcase name="VerifyHomePageHeader" classname="com.qa.hubspot.test.HomePageTest" time="0.27"/>
  <testcase name="VerifyLoggedInUserTest" classname="com.qa.hubspot.test.HomePageTest" time="0.046"/>
</testsuite>