<?xml version="1.0" encoding="UTF-8"?>
<!-- Generated by org.testng.reporters.JUnitXMLReporter -->
<testsuite hostname="Rupali-Dell" ignored="0" name="Functional Regession Test Suite" tests="6" failures="1" timestamp="01 Jun 2020 21:57:32 GMT" time="44.297" errors="0">
  <testcase name="verifyLoginPageTitleTest" time="0.035" classname="com.qa.hubspot.test.LoginPageTest"/>
  <testcase name="VerifyHomePageTitleTest" time="0.096" classname="com.qa.hubspot.test.HomePageTest"/>
  <testcase name="verifySignUpLinkTest" time="0.444" classname="com.qa.hubspot.test.LoginPageTest"/>
  <testcase name="VerifyHomePageHeader" time="0.038" classname="com.qa.hubspot.test.HomePageTest">
    <failure type="java.lang.NullPointerException">
      <![CDATA[java.lang.NullPointerException
at com.qa.hubspot.utils.ElementUtils.getElement(ElementUtils.java:30)
at com.qa.hubspot.utils.ElementUtils.doIsDisplayed(ElementUtils.java:43)
at com.qa.hubspot.page.HomePage.getHomePageHeader(HomePage.java:33)
at com.qa.hubspot.test.HomePageTest.VerifyHomePageHeader(HomePageTest.java:50)
at sun.reflect.NativeMethodAccessorImpl.invoke0(Native Method)
at sun.reflect.NativeMethodAccessorImpl.invoke(Unknown Source)
at sun.reflect.DelegatingMethodAccessorImpl.invoke(Unknown Source)
at java.lang.reflect.Method.invoke(Unknown Source)
at org.testng.internal.MethodInvocationHelper.invokeMethod(MethodInvocationHelper.java:124)
at org.testng.internal.Invoker.invokeMethod(Invoker.java:583)
at org.testng.internal.Invoker.invokeTestMethod(Invoker.java:719)
at org.testng.internal.Invoker.invokeTestMethods(Invoker.java:989)
at org.testng.internal.TestMethodWorker.invokeTestMethods(TestMethodWorker.java:125)
at org.testng.internal.TestMethodWorker.run(TestMethodWorker.java:109)
at org.testng.TestRunner.privateRun(TestRunner.java:648)
at org.testng.TestRunner.run(TestRunner.java:505)
at org.testng.SuiteRunner.runTest(SuiteRunner.java:455)
at org.testng.SuiteRunner.runSequentially(SuiteRunner.java:450)
at org.testng.SuiteRunner.privateRun(SuiteRunner.java:415)
at org.testng.SuiteRunner.run(SuiteRunner.java:364)
at org.testng.SuiteRunnerWorker.runSuite(SuiteRunnerWorker.java:52)
at org.testng.SuiteRunnerWorker.run(SuiteRunnerWorker.java:84)
at org.testng.TestNG.runSuitesSequentially(TestNG.java:1208)
at org.testng.TestNG.runSuitesLocally(TestNG.java:1137)
at org.testng.TestNG.runSuites(TestNG.java:1049)
at org.testng.TestNG.run(TestNG.java:1017)
at org.testng.remote.AbstractRemoteTestNG.run(AbstractRemoteTestNG.java:115)
at org.testng.remote.RemoteTestNG.initAndRun(RemoteTestNG.java:251)
at org.testng.remote.RemoteTestNG.main(RemoteTestNG.java:77)
]]>
    </failure>
  </testcase> <!-- VerifyHomePageHeader -->
  <testcase name="loginTest" time="6.105" classname="com.qa.hubspot.test.LoginPageTest"/>
  <testcase name="VerifyLoggedInUserTest" time="0.066" classname="com.qa.hubspot.test.HomePageTest"/>
</testsuite> <!-- Functional Regession Test Suite -->
